<?xml version="1.0" encoding="UTF-8"?>
<testsuite name="com.bridgelabz.NIOFileAPITest" tests="1" skipped="0" failures="0" errors="0" timestamp="2021-08-05T16:11:26" hostname="NIHARIKA" time="0.321">
  <properties/>
  <testcase name="givenPath_WhenChecked_ThenConfirm" classname="com.bridgelabz.NIOFileAPITest" time="0.321"/>
  <system-out><![CDATA[C:\Users\KVN\IdeaProjects\FilesCreated\PLAY_WITH_NIO\temp1
C:\Users\KVN\IdeaProjects\FilesCreated\PLAY_WITH_NIO\temp2
C:\Users\KVN\IdeaProjects\FilesCreated\PLAY_WITH_NIO\temp3
C:\Users\KVN\IdeaProjects\FilesCreated\PLAY_WITH_NIO\temp4
C:\Users\KVN\IdeaProjects\FilesCreated\PLAY_WITH_NIO\temp5
C:\Users\KVN\IdeaProjects\FilesCreated\PLAY_WITH_NIO\temp6
C:\Users\KVN\IdeaProjects\FilesCreated\PLAY_WITH_NIO\temp7
C:\Users\KVN\IdeaProjects\FilesCreated\PLAY_WITH_NIO\temp8
C:\Users\KVN\IdeaProjects\FilesCreated\PLAY_WITH_NIO\temp9
C:\Users\KVN\IdeaProjects\FilesCreated\PLAY_WITH_NIO\temp1
C:\Users\KVN\IdeaProjects\FilesCreated\PLAY_WITH_NIO\temp2
C:\Users\KVN\IdeaProjects\FilesCreated\PLAY_WITH_NIO\temp3
C:\Users\KVN\IdeaProjects\FilesCreated\PLAY_WITH_NIO\temp4
C:\Users\KVN\IdeaProjects\FilesCreated\PLAY_WITH_NIO\temp5
C:\Users\KVN\IdeaProjects\FilesCreated\PLAY_WITH_NIO\temp6
C:\Users\KVN\IdeaProjects\FilesCreated\PLAY_WITH_NIO\temp7
C:\Users\KVN\IdeaProjects\FilesCreated\PLAY_WITH_NIO\temp8
C:\Users\KVN\IdeaProjects\FilesCreated\PLAY_WITH_NIO\temp9
]]></system-out>
  <system-err><![CDATA[]]></system-err>
</testsuite>
