<?xml version="1.0" encoding="UTF-8"?>
<testsuite name="com.bridgelabz.NIOFileAPITest" tests="1" skipped="0" failures="0" errors="0" timestamp="2021-08-06T11:48:29" hostname="NIHARIKA" time="0.195">
  <properties/>
  <testcase name="givenPath_WhenChecked_ThenConfirm" classname="com.bridgelabz.NIOFileAPITest" time="0.195"/>
  <system-out><![CDATA[C:\Users\KVN\TempPlayGround\temp1
C:\Users\KVN\TempPlayGround\temp2
C:\Users\KVN\TempPlayGround\temp3
C:\Users\KVN\TempPlayGround\temp4
C:\Users\KVN\TempPlayGround\temp5
C:\Users\KVN\TempPlayGround\temp6
C:\Users\KVN\TempPlayGround\temp7
C:\Users\KVN\TempPlayGround\temp8
C:\Users\KVN\TempPlayGround\temp9
C:\Users\KVN\TempPlayGround\temp1
C:\Users\KVN\TempPlayGround\temp2
C:\Users\KVN\TempPlayGround\temp3
C:\Users\KVN\TempPlayGround\temp4
C:\Users\KVN\TempPlayGround\temp5
C:\Users\KVN\TempPlayGround\temp6
C:\Users\KVN\TempPlayGround\temp7
C:\Users\KVN\TempPlayGround\temp8
C:\Users\KVN\TempPlayGround\temp9
]]></system-out>
  <system-err><![CDATA[]]></system-err>
</testsuite>
