<?xml version="1.0" encoding="UTF-8"?>
<testsuite name="com.bridgelabz.EmployeePayrollServiceTest" tests="1" skipped="0" failures="0" errors="0" timestamp="2021-08-16T14:15:09" hostname="NIHARIKA" time="0.844">
  <properties/>
  <testcase name="givenPayrollData_WhenAverageSalaryRetrievedByGender_ShouldReturnProperValue" classname="com.bridgelabz.EmployeePayrollServiceTest" time="0.844"/>
  <system-out><![CDATA[Connecting to database jdbc:mysql://localhost:3306/payroll_service?useSSL=false
Connection is successful!! com.mysql.cj.jdbc.ConnectionImpl@6db9a955
Connecting to database jdbc:mysql://localhost:3306/payroll_service?useSSL=false
Connection is successful!! com.mysql.cj.jdbc.ConnectionImpl@7b791bc6
]]></system-out>
  <system-err><![CDATA[]]></system-err>
</testsuite>
